{
  "stats": {
    "suites": 1,
    "tests": 1,
    "passes": 1,
    "pending": 0,
    "failures": 0,
    "start": "2023-05-11T13:05:48.159Z",
    "end": "2023-05-11T13:06:42.070Z",
    "duration": 53911,
    "testsRegistered": 1,
    "passPercent": 100,
    "pendingPercent": 0,
    "other": 0,
    "hasOther": false,
    "skipped": 0,
    "hasSkipped": false
  },
  "results": [
    {
      "uuid": "2c6b7947-f6c5-4106-9ad1-971a0e712f97",
      "title": "",
      "fullFile": "cypress\\e2e\\1-getting-started\\analyticTest.cy.js",
      "file": "cypress\\e2e\\1-getting-started\\analyticTest.cy.js",
      "beforeHooks": [],
      "afterHooks": [],
      "tests": [],
      "suites": [
        {
          "uuid": "60016914-10d5-442a-a92b-9dfb0b9dd77c",
          "title": "Analytic Care",
          "fullFile": "",
          "file": "",
          "beforeHooks": [],
          "afterHooks": [],
          "tests": [
            {
              "title": "fazer login",
              "fullTitle": "Analytic Care fazer login",
              "timedOut": null,
              "duration": 49532,
              "state": "passed",
              "speed": "slow",
              "pass": true,
              "fail": false,
              "pending": false,
              "context": null,
              "code": "//login\ncy.get(':nth-child(1) > .mb-3 > .form-control').type('analistateste');\ncy.get(':nth-child(2) > .mb-3 > .form-control').type('Teste@123');\ncy.get('.button-login > .btn').click();\n//esperar a pagina carregar\ncy.url().should('include', '/protocolos/listar');\n//clicar em novo protocolo\ncy.get('.bg-white > :nth-child(2) > :nth-child(2)').click();\n// escreve Operadora teste no select\nconst text = 'operadora teste';\ncy.get('.pb-4 > .card-body > :nth-child(2) > .col-md-3 > .form-control-input > .align-items-center > .w-100 > .css-yk16xz-control > .css-1hwfws3').type(text, {\n  delay: 100\n});\n//Seleciona a operadora teste\ncy.get('.css-26l3qy-menu').contains('Teste').click();\n//seleciona o plano para Regulamentado e valida o select\ncy.get(':nth-child(2) > .col-md-2 > .form-control-input > .d-flex > .form-control').select('Regulamentado');\ncy.get(':nth-child(2) > .col-md-2 > .form-control-input > .d-flex > .form-control').contains('Regulamentado');\ncy.get(':nth-child(2) > .col-md-2 > .form-control-input > .d-flex > .form-control').contains('Não Regulamentado');\n//clica em SADT\ncy.get(':nth-child(1) > .form-control-input > .flex-column > :nth-child(2) > .input-radio-box').click();\n//valida se existem todos os campos\ncy.get('.pb-4 > .card-body > .pt-5 > :nth-child(1)').contains('SADT');\ncy.get('.pb-4 > .card-body > .pt-5 > :nth-child(1)').contains('Internação');\ncy.get('.pb-4 > .card-body > .pt-5').contains('Eletivo');\ncy.get('.pb-4 > .card-body > .pt-5').contains('Urgente');\ncy.get('.pb-4 > .card-body > .pt-5').contains('Pré-Operatório');\ncy.get('.pb-4 > .card-body > .pt-5').contains('Pós-Operatório');\ncy.get('.pb-4 > .card-body > .pt-5').contains('Análise de Código');\ncy.get('.pb-4 > .card-body > .pt-5').contains('Negociação');\ncy.get('.pb-4 > .card-body > .pt-5').contains('Não realizar');\ncy.get('.pb-4 > .card-body > .pt-5').contains('Tentativa de Consenso');\n//seleciona análise de código e negociação e valida se apareceu as opções de faturamento\ncy.get(':nth-child(1) > .input-checkbox-box');\ncy.get(':nth-child(2) > .input-checkbox-box').click();\ncy.get('.pt-5 > :nth-child(6)').contains('Direto');\ncy.get('.pt-5 > :nth-child(6)').contains('Prestador');\n// Inforamções da guia, valida os campos e preenche corretamente com a data do dia atual.\ncy.get('.active > :nth-child(2) > .card-body > :nth-child(2)').should('contain', 'Número da Guia*').should('contain', 'Data de Atendimento*').should('contain', 'Senha').should('contain', 'Prazo ANS').should('contain', 'Especialidade');\ncy.get('.card-body > :nth-child(2) > :nth-child(1) > .form-control-input > .form-control').type('123456');\nconst currentDate = new Date();\nconst day = currentDate.getDate().toString().padStart(2, '0');\nconst month = (currentDate.getMonth() + 1).toString().padStart(2, '0');\nconst year = currentDate.getFullYear();\nconst formattedDate = `${year}-${month}-${day}`;\ncy.get('.card-body > :nth-child(2) > :nth-child(2) > .form-control-input > .form-control').type(formattedDate);\ncy.get('.card-body > :nth-child(2) > :nth-child(3) > .form-control-input > .form-control').type('123');\ncy.get(':nth-child(2) > .card-body > :nth-child(2) > .col-md-3 > .form-control-input > .align-items-center > .w-100 > .css-yk16xz-control').type('Cardiologia');\ncy.get('#react-select-3-option-0').contains('CARDIOLOGIA').click();\n//Dados do BEN\n//preenche o cpf com 123 e clica no cpf teste\ncy.get('.active > :nth-child(3) > .card-body > .mb-5 > .flex-column > .form-control-input > .align-items-center > .w-100 > .css-yk16xz-control > .css-1hwfws3').type('123');\ncy.get('#react-select-4-option-0').click();\n//seleciona o MA \ncy.get(':nth-child(4) > .card-body > :nth-child(2) > .flex-column > .form-control-input > .align-items-center > .w-100 > .css-yk16xz-control > .css-1hwfws3').type('121322');\ncy.get('#react-select-5-option-0').click();\n//escreve algo na solicitação:\ncy.get('.textarea-input').type('!@#$%¨&*()_+{}`^?:><|\\*+-/');\ncy.get('.switch-box-checked').click();\n// insere o pdf teste\ncy.get('.col-md-12 > .w-100 > .d-flex > :nth-child(2)').click();\ncy.wait(3000);\ncy.get('.custom-file-label').selectFile('cypress/fixtures/teste.pdf');\n//seleciona o tipo\ncy.get(':nth-child(2) > .d-flex > .form-control').contains('Exame');\ncy.get(':nth-child(2) > .d-flex > .form-control').contains('Orçamento');\ncy.get(':nth-child(2) > .d-flex > .form-control').contains('Pedido do Procedimento');\ncy.get(':nth-child(2) > .d-flex > .form-control').contains('Relatório do Profissional Assistente');\ncy.get(':nth-child(2) > .d-flex > .form-control').contains('Outros');\ncy.get(':nth-child(2) > .d-flex > .form-control').select('Outros');\ncy.get('.pt-0 > .gutter-x-14 > .false > .form-control').type('Teste !@#$%¨&*()`^{}');\n//clicar em enviar anexo\ncy.get('.w-50 > .btn').click();\n//sai da pagina de anexo\ncy.get('.active > .pt-0 > .justify-content-center > .d-flex > :nth-child(2)').click();\n//cadastra procedimento\n(0, _cadastrarProcedimentos.cadastraProcedimento)();\n//avança proxima aba\ncy.get('.active > .pt-0 > .w-100.justify-content-center > .d-flex > :nth-child(2)').click();\n// preenche o campo de materiais\ncy.get(':nth-child(1) > .col-md-4 > .form-control-input > .form-control').type('0123456789102356');\ncy.get('.col-md-8 > .form-control-input > .form-control').type('Teste anvisa');\ncy.get('.col-md-6 > .form-control-input > .form-control').type('Teste descricao material');\ncy.get('.mt-4.align-items-start > :nth-child(3) > .form-control-input > .form-control').type('1500');\ncy.get('#add-material').click();",
              "err": {},
              "uuid": "095bcbbc-3b3f-44f7-9497-b2d2b445d377",
              "parentUUID": "60016914-10d5-442a-a92b-9dfb0b9dd77c",
              "isHook": false,
              "skipped": false
            }
          ],
          "suites": [],
          "passes": [
            "095bcbbc-3b3f-44f7-9497-b2d2b445d377"
          ],
          "failures": [],
          "pending": [],
          "skipped": [],
          "duration": 49532,
          "root": false,
          "rootEmpty": false,
          "_timeout": 2000
        }
      ],
      "passes": [],
      "failures": [],
      "pending": [],
      "skipped": [],
      "duration": 0,
      "root": true,
      "rootEmpty": true,
      "_timeout": 2000
    }
  ],
  "meta": {
    "mocha": {
      "version": "7.0.1"
    },
    "mochawesome": {
      "options": {
        "quiet": false,
        "reportFilename": "mochawesome",
        "saveHtml": true,
        "saveJson": true,
        "consoleReporter": "spec",
        "useInlineDiffs": false,
        "code": true
      },
      "version": "7.1.3"
    },
    "marge": {
      "options": null,
      "version": "6.2.0"
    }
  }
}